Copyright 1986-2019 Xilinx, Inc. All Rights Reserved.
-----------------------------------------------------------------------------------------------------------------------------------------------------------------------------------------------------------------------------------------------------------
| Tool Version : Vivado v.2019.1 (lin64) Build 2552052 Fri May 24 14:47:09 MDT 2019
| Date         : Wed Oct 30 22:04:11 2019
| Host         : megatron running 64-bit Ubuntu 18.04.3 LTS
| Command      : report_timing_summary -max_paths 10 -file AutoCorrelationFunction_v1_0_timing_summary_routed.rpt -pb AutoCorrelationFunction_v1_0_timing_summary_routed.pb -rpx AutoCorrelationFunction_v1_0_timing_summary_routed.rpx -warn_on_violation
| Design       : AutoCorrelationFunction_v1_0
| Device       : 7z010-clg400
| Speed File   : -1  PRODUCTION 1.11 2014-09-11
-----------------------------------------------------------------------------------------------------------------------------------------------------------------------------------------------------------------------------------------------------------

Timing Summary Report

------------------------------------------------------------------------------------------------
| Timer Settings
| --------------
------------------------------------------------------------------------------------------------

  Enable Multi Corner Analysis               :  Yes
  Enable Pessimism Removal                   :  Yes
  Pessimism Removal Resolution               :  Nearest Common Node
  Enable Input Delay Default Clock           :  No
  Enable Preset / Clear Arcs                 :  No
  Disable Flight Delays                      :  No
  Ignore I/O Paths                           :  No
  Timing Early Launch at Borrowing Latches   :  No
  Borrow Time for Max Delay Exceptions       :  Yes

  Corner  Analyze    Analyze    
  Name    Max Paths  Min Paths  
  ------  ---------  ---------  
  Slow    Yes        Yes        
  Fast    Yes        Yes        



check_timing report

Table of Contents
-----------------
1. checking no_clock
2. checking constant_clock
3. checking pulse_width_clock
4. checking unconstrained_internal_endpoints
5. checking no_input_delay
6. checking no_output_delay
7. checking multiple_clock
8. checking generated_clocks
9. checking loops
10. checking partial_input_delay
11. checking partial_output_delay
12. checking latch_loops

1. checking no_clock
--------------------
 There are 1526 register/latch pins with no clock driven by root clock pin: s00_axi_aclk (HIGH)

 There are 1891 register/latch pins with no clock driven by root clock pin: smpl_clk (HIGH)


2. checking constant_clock
--------------------------
 There are 0 register/latch pins with constant_clock.


3. checking pulse_width_clock
-----------------------------
 There are 0 register/latch pins which need pulse_width check


4. checking unconstrained_internal_endpoints
--------------------------------------------
 There are 5338 pins that are not constrained for maximum delay. (HIGH)

 There are 0 pins that are not constrained for maximum delay due to constant clock.


5. checking no_input_delay
--------------------------
 There are 10 input ports with no input delay specified. (HIGH)

 There are 0 input ports with no input delay but user has a false path constraint.


6. checking no_output_delay
---------------------------
 There are 3 ports with no output delay specified. (HIGH)

 There are 0 ports with no output delay but user has a false path constraint

 There are 0 ports with no output delay but with a timing clock defined on it or propagating through it


7. checking multiple_clock
--------------------------
 There are 0 register/latch pins with multiple clocks.


8. checking generated_clocks
----------------------------
 There are 0 generated clocks that are not connected to a clock source.


9. checking loops
-----------------
 There are 0 combinational loops in the design.


10. checking partial_input_delay
--------------------------------
 There are 0 input ports with partial input delay specified.


11. checking partial_output_delay
---------------------------------
 There are 0 ports with partial output delay specified.


12. checking latch_loops
------------------------
 There are 0 combinational latch loops in the design through latch input



------------------------------------------------------------------------------------------------
| Design Timing Summary
| ---------------------
------------------------------------------------------------------------------------------------

    WNS(ns)      TNS(ns)  TNS Failing Endpoints  TNS Total Endpoints      WHS(ns)      THS(ns)  THS Failing Endpoints  THS Total Endpoints     WPWS(ns)     TPWS(ns)  TPWS Failing Endpoints  TPWS Total Endpoints  
    -------      -------  ---------------------  -------------------      -------      -------  ---------------------  -------------------     --------     --------  ----------------------  --------------------  
    998.571        0.000                      0                  414           NA           NA                     NA                   NA           NA           NA                      NA                    NA  


All user specified timing constraints are met.


------------------------------------------------------------------------------------------------
| Clock Summary
| -------------
------------------------------------------------------------------------------------------------


------------------------------------------------------------------------------------------------
| Intra Clock Table
| -----------------
------------------------------------------------------------------------------------------------

Clock             WNS(ns)      TNS(ns)  TNS Failing Endpoints  TNS Total Endpoints      WHS(ns)      THS(ns)  THS Failing Endpoints  THS Total Endpoints     WPWS(ns)     TPWS(ns)  TPWS Failing Endpoints  TPWS Total Endpoints  
-----             -------      -------  ---------------------  -------------------      -------      -------  ---------------------  -------------------     --------     --------  ----------------------  --------------------  


------------------------------------------------------------------------------------------------
| Inter Clock Table
| -----------------
------------------------------------------------------------------------------------------------

From Clock    To Clock          WNS(ns)      TNS(ns)  TNS Failing Endpoints  TNS Total Endpoints      WHS(ns)      THS(ns)  THS Failing Endpoints  THS Total Endpoints  
----------    --------          -------      -------  ---------------------  -------------------      -------      -------  ---------------------  -------------------  


------------------------------------------------------------------------------------------------
| Other Path Groups Table
| -----------------------
------------------------------------------------------------------------------------------------

Path Group    From Clock    To Clock          WNS(ns)      TNS(ns)  TNS Failing Endpoints  TNS Total Endpoints      WHS(ns)      THS(ns)  THS Failing Endpoints  THS Total Endpoints  
----------    ----------    --------          -------      -------  ---------------------  -------------------      -------      -------  ---------------------  -------------------  
**default**                                   998.571        0.000                      0                  414                                                                        


------------------------------------------------------------------------------------------------
| Timing Details
| --------------
------------------------------------------------------------------------------------------------


---------------------------------------------------------------------------------------------------
Path Group:  **default**
From Clock:  
  To Clock:  

Setup :            0  Failing Endpoints,  Worst Slack      998.571ns,  Total Violation        0.000ns
Hold  :           NA  Failing Endpoints,  Worst Slack           NA  ,  Total Violation           NA
---------------------------------------------------------------------------------------------------


Max Delay Paths
--------------------------------------------------------------------------------------
Slack (MET) :             998.571ns  (required time - arrival time)
  Source:                 AutoCorrelationFunction_v1_0_S00_AXI_inst/acf/genblk1[2].niblock/tdc_pl/smallFIFO/U0/inst_fifo_gen/gconvfifo.rf/grf.rf/gntv_or_sync_fifo.gcx.clkx/rd_pntr_cdc_inst/src_gray_ff_reg[5]/C
                            (rising edge-triggered cell FDRE)
  Destination:            AutoCorrelationFunction_v1_0_S00_AXI_inst/acf/genblk1[2].niblock/tdc_pl/smallFIFO/U0/inst_fifo_gen/gconvfifo.rf/grf.rf/gntv_or_sync_fifo.gcx.clkx/rd_pntr_cdc_inst/dest_graysync_ff_reg[0][5]/D
  Path Group:             **default**
  Path Type:              Setup (Max at Slow Process Corner)
  Requirement:            1000.000ns  (MaxDelay Path 1000.000ns)
  Data Path Delay:        1.209ns  (logic 0.419ns (34.667%)  route 0.790ns (65.333%))
  Logic Levels:           1  (FDRE=1)
  Timing Exception:       MaxDelay Path 1000.000ns -datapath_only

    Location             Delay type                Incr(ns)  Path(ns)    Netlist Resource(s)
  -------------------------------------------------------------------    -------------------
    SLICE_X35Y12         FDRE                         0.000     0.000 r  AutoCorrelationFunction_v1_0_S00_AXI_inst/acf/genblk1[2].niblock/tdc_pl/smallFIFO/U0/inst_fifo_gen/gconvfifo.rf/grf.rf/gntv_or_sync_fifo.gcx.clkx/rd_pntr_cdc_inst/src_gray_ff_reg[5]/C
    SLICE_X35Y12         FDRE (Prop_fdre_C_Q)         0.419     0.419 r  AutoCorrelationFunction_v1_0_S00_AXI_inst/acf/genblk1[2].niblock/tdc_pl/smallFIFO/U0/inst_fifo_gen/gconvfifo.rf/grf.rf/gntv_or_sync_fifo.gcx.clkx/rd_pntr_cdc_inst/src_gray_ff_reg[5]/Q
                         net (fo=1, routed)           0.790     1.209    AutoCorrelationFunction_v1_0_S00_AXI_inst/acf/genblk1[2].niblock/tdc_pl/smallFIFO/U0/inst_fifo_gen/gconvfifo.rf/grf.rf/gntv_or_sync_fifo.gcx.clkx/rd_pntr_cdc_inst/async_path[5]
    SLICE_X34Y15         FDRE                                         r  AutoCorrelationFunction_v1_0_S00_AXI_inst/acf/genblk1[2].niblock/tdc_pl/smallFIFO/U0/inst_fifo_gen/gconvfifo.rf/grf.rf/gntv_or_sync_fifo.gcx.clkx/rd_pntr_cdc_inst/dest_graysync_ff_reg[0][5]/D
  -------------------------------------------------------------------    -------------------

                         max delay                 1000.000  1000.000    
    SLICE_X34Y15         FDRE (Setup_fdre_C_D)       -0.220   999.780    AutoCorrelationFunction_v1_0_S00_AXI_inst/acf/genblk1[2].niblock/tdc_pl/smallFIFO/U0/inst_fifo_gen/gconvfifo.rf/grf.rf/gntv_or_sync_fifo.gcx.clkx/rd_pntr_cdc_inst/dest_graysync_ff_reg[0][5]
  -------------------------------------------------------------------
                         required time                        999.780    
                         arrival time                          -1.209    
  -------------------------------------------------------------------
                         slack                                998.571    

Slack (MET) :             998.574ns  (required time - arrival time)
  Source:                 AutoCorrelationFunction_v1_0_S00_AXI_inst/acf/photonCounter/smallFIFO/U0/inst_fifo_gen/gconvfifo.rf/grf.rf/gntv_or_sync_fifo.gcx.clkx/rd_pntr_cdc_inst/src_gray_ff_reg[7]/C
                            (rising edge-triggered cell FDRE)
  Destination:            AutoCorrelationFunction_v1_0_S00_AXI_inst/acf/photonCounter/smallFIFO/U0/inst_fifo_gen/gconvfifo.rf/grf.rf/gntv_or_sync_fifo.gcx.clkx/rd_pntr_cdc_inst/dest_graysync_ff_reg[0][7]/D
  Path Group:             **default**
  Path Type:              Setup (Max at Slow Process Corner)
  Requirement:            1000.000ns  (MaxDelay Path 1000.000ns)
  Data Path Delay:        1.156ns  (logic 0.419ns (36.238%)  route 0.737ns (63.762%))
  Logic Levels:           1  (FDRE=1)
  Timing Exception:       MaxDelay Path 1000.000ns -datapath_only

    Location             Delay type                Incr(ns)  Path(ns)    Netlist Resource(s)
  -------------------------------------------------------------------    -------------------
    SLICE_X35Y18         FDRE                         0.000     0.000 r  AutoCorrelationFunction_v1_0_S00_AXI_inst/acf/photonCounter/smallFIFO/U0/inst_fifo_gen/gconvfifo.rf/grf.rf/gntv_or_sync_fifo.gcx.clkx/rd_pntr_cdc_inst/src_gray_ff_reg[7]/C
    SLICE_X35Y18         FDRE (Prop_fdre_C_Q)         0.419     0.419 r  AutoCorrelationFunction_v1_0_S00_AXI_inst/acf/photonCounter/smallFIFO/U0/inst_fifo_gen/gconvfifo.rf/grf.rf/gntv_or_sync_fifo.gcx.clkx/rd_pntr_cdc_inst/src_gray_ff_reg[7]/Q
                         net (fo=1, routed)           0.737     1.156    AutoCorrelationFunction_v1_0_S00_AXI_inst/acf/photonCounter/smallFIFO/U0/inst_fifo_gen/gconvfifo.rf/grf.rf/gntv_or_sync_fifo.gcx.clkx/rd_pntr_cdc_inst/async_path[7]
    SLICE_X36Y21         FDRE                                         r  AutoCorrelationFunction_v1_0_S00_AXI_inst/acf/photonCounter/smallFIFO/U0/inst_fifo_gen/gconvfifo.rf/grf.rf/gntv_or_sync_fifo.gcx.clkx/rd_pntr_cdc_inst/dest_graysync_ff_reg[0][7]/D
  -------------------------------------------------------------------    -------------------

                         max delay                 1000.000  1000.000    
    SLICE_X36Y21         FDRE (Setup_fdre_C_D)       -0.270   999.730    AutoCorrelationFunction_v1_0_S00_AXI_inst/acf/photonCounter/smallFIFO/U0/inst_fifo_gen/gconvfifo.rf/grf.rf/gntv_or_sync_fifo.gcx.clkx/rd_pntr_cdc_inst/dest_graysync_ff_reg[0][7]
  -------------------------------------------------------------------
                         required time                        999.730    
                         arrival time                          -1.156    
  -------------------------------------------------------------------
                         slack                                998.574    

Slack (MET) :             998.578ns  (required time - arrival time)
  Source:                 AutoCorrelationFunction_v1_0_S00_AXI_inst/acf/photonCounter/smallFIFO/U0/inst_fifo_gen/gconvfifo.rf/grf.rf/gntv_or_sync_fifo.gcx.clkx/rd_pntr_cdc_inst/src_gray_ff_reg[5]/C
                            (rising edge-triggered cell FDRE)
  Destination:            AutoCorrelationFunction_v1_0_S00_AXI_inst/acf/photonCounter/smallFIFO/U0/inst_fifo_gen/gconvfifo.rf/grf.rf/gntv_or_sync_fifo.gcx.clkx/rd_pntr_cdc_inst/dest_graysync_ff_reg[0][5]/D
  Path Group:             **default**
  Path Type:              Setup (Max at Slow Process Corner)
  Requirement:            1000.000ns  (MaxDelay Path 1000.000ns)
  Data Path Delay:        1.156ns  (logic 0.419ns (36.252%)  route 0.737ns (63.748%))
  Logic Levels:           1  (FDRE=1)
  Timing Exception:       MaxDelay Path 1000.000ns -datapath_only

    Location             Delay type                Incr(ns)  Path(ns)    Netlist Resource(s)
  -------------------------------------------------------------------    -------------------
    SLICE_X35Y18         FDRE                         0.000     0.000 r  AutoCorrelationFunction_v1_0_S00_AXI_inst/acf/photonCounter/smallFIFO/U0/inst_fifo_gen/gconvfifo.rf/grf.rf/gntv_or_sync_fifo.gcx.clkx/rd_pntr_cdc_inst/src_gray_ff_reg[5]/C
    SLICE_X35Y18         FDRE (Prop_fdre_C_Q)         0.419     0.419 r  AutoCorrelationFunction_v1_0_S00_AXI_inst/acf/photonCounter/smallFIFO/U0/inst_fifo_gen/gconvfifo.rf/grf.rf/gntv_or_sync_fifo.gcx.clkx/rd_pntr_cdc_inst/src_gray_ff_reg[5]/Q
                         net (fo=1, routed)           0.737     1.156    AutoCorrelationFunction_v1_0_S00_AXI_inst/acf/photonCounter/smallFIFO/U0/inst_fifo_gen/gconvfifo.rf/grf.rf/gntv_or_sync_fifo.gcx.clkx/rd_pntr_cdc_inst/async_path[5]
    SLICE_X36Y20         FDRE                                         r  AutoCorrelationFunction_v1_0_S00_AXI_inst/acf/photonCounter/smallFIFO/U0/inst_fifo_gen/gconvfifo.rf/grf.rf/gntv_or_sync_fifo.gcx.clkx/rd_pntr_cdc_inst/dest_graysync_ff_reg[0][5]/D
  -------------------------------------------------------------------    -------------------

                         max delay                 1000.000  1000.000    
    SLICE_X36Y20         FDRE (Setup_fdre_C_D)       -0.266   999.734    AutoCorrelationFunction_v1_0_S00_AXI_inst/acf/photonCounter/smallFIFO/U0/inst_fifo_gen/gconvfifo.rf/grf.rf/gntv_or_sync_fifo.gcx.clkx/rd_pntr_cdc_inst/dest_graysync_ff_reg[0][5]
  -------------------------------------------------------------------
                         required time                        999.734    
                         arrival time                          -1.156    
  -------------------------------------------------------------------
                         slack                                998.578    

Slack (MET) :             998.591ns  (required time - arrival time)
  Source:                 AutoCorrelationFunction_v1_0_S00_AXI_inst/acf/genblk1[15].niblock/tdc_pl/smallFIFO/U0/inst_fifo_gen/gconvfifo.rf/grf.rf/gntv_or_sync_fifo.gcx.clkx/rd_pntr_cdc_inst/src_gray_ff_reg[1]/C
                            (rising edge-triggered cell FDRE)
  Destination:            AutoCorrelationFunction_v1_0_S00_AXI_inst/acf/genblk1[15].niblock/tdc_pl/smallFIFO/U0/inst_fifo_gen/gconvfifo.rf/grf.rf/gntv_or_sync_fifo.gcx.clkx/rd_pntr_cdc_inst/dest_graysync_ff_reg[0][1]/D
  Path Group:             **default**
  Path Type:              Setup (Max at Slow Process Corner)
  Requirement:            1000.000ns  (MaxDelay Path 1000.000ns)
  Data Path Delay:        1.141ns  (logic 0.419ns (36.729%)  route 0.722ns (63.271%))
  Logic Levels:           1  (FDRE=1)
  Timing Exception:       MaxDelay Path 1000.000ns -datapath_only

    Location             Delay type                Incr(ns)  Path(ns)    Netlist Resource(s)
  -------------------------------------------------------------------    -------------------
    SLICE_X11Y5          FDRE                         0.000     0.000 r  AutoCorrelationFunction_v1_0_S00_AXI_inst/acf/genblk1[15].niblock/tdc_pl/smallFIFO/U0/inst_fifo_gen/gconvfifo.rf/grf.rf/gntv_or_sync_fifo.gcx.clkx/rd_pntr_cdc_inst/src_gray_ff_reg[1]/C
    SLICE_X11Y5          FDRE (Prop_fdre_C_Q)         0.419     0.419 r  AutoCorrelationFunction_v1_0_S00_AXI_inst/acf/genblk1[15].niblock/tdc_pl/smallFIFO/U0/inst_fifo_gen/gconvfifo.rf/grf.rf/gntv_or_sync_fifo.gcx.clkx/rd_pntr_cdc_inst/src_gray_ff_reg[1]/Q
                         net (fo=1, routed)           0.722     1.141    AutoCorrelationFunction_v1_0_S00_AXI_inst/acf/genblk1[15].niblock/tdc_pl/smallFIFO/U0/inst_fifo_gen/gconvfifo.rf/grf.rf/gntv_or_sync_fifo.gcx.clkx/rd_pntr_cdc_inst/async_path[1]
    SLICE_X14Y5          FDRE                                         r  AutoCorrelationFunction_v1_0_S00_AXI_inst/acf/genblk1[15].niblock/tdc_pl/smallFIFO/U0/inst_fifo_gen/gconvfifo.rf/grf.rf/gntv_or_sync_fifo.gcx.clkx/rd_pntr_cdc_inst/dest_graysync_ff_reg[0][1]/D
  -------------------------------------------------------------------    -------------------

                         max delay                 1000.000  1000.000    
    SLICE_X14Y5          FDRE (Setup_fdre_C_D)       -0.268   999.732    AutoCorrelationFunction_v1_0_S00_AXI_inst/acf/genblk1[15].niblock/tdc_pl/smallFIFO/U0/inst_fifo_gen/gconvfifo.rf/grf.rf/gntv_or_sync_fifo.gcx.clkx/rd_pntr_cdc_inst/dest_graysync_ff_reg[0][1]
  -------------------------------------------------------------------
                         required time                        999.732    
                         arrival time                          -1.141    
  -------------------------------------------------------------------
                         slack                                998.591    

Slack (MET) :             998.599ns  (required time - arrival time)
  Source:                 AutoCorrelationFunction_v1_0_S00_AXI_inst/acf/genblk1[3].niblock/tdc_pl/smallFIFO/U0/inst_fifo_gen/gconvfifo.rf/grf.rf/gntv_or_sync_fifo.gcx.clkx/rd_pntr_cdc_inst/src_gray_ff_reg[3]/C
                            (rising edge-triggered cell FDRE)
  Destination:            AutoCorrelationFunction_v1_0_S00_AXI_inst/acf/genblk1[3].niblock/tdc_pl/smallFIFO/U0/inst_fifo_gen/gconvfifo.rf/grf.rf/gntv_or_sync_fifo.gcx.clkx/rd_pntr_cdc_inst/dest_graysync_ff_reg[0][3]/D
  Path Group:             **default**
  Path Type:              Setup (Max at Slow Process Corner)
  Requirement:            1000.000ns  (MaxDelay Path 1000.000ns)
  Data Path Delay:        1.136ns  (logic 0.419ns (36.887%)  route 0.717ns (63.113%))
  Logic Levels:           1  (FDRE=1)
  Timing Exception:       MaxDelay Path 1000.000ns -datapath_only

    Location             Delay type                Incr(ns)  Path(ns)    Netlist Resource(s)
  -------------------------------------------------------------------    -------------------
    SLICE_X13Y34         FDRE                         0.000     0.000 r  AutoCorrelationFunction_v1_0_S00_AXI_inst/acf/genblk1[3].niblock/tdc_pl/smallFIFO/U0/inst_fifo_gen/gconvfifo.rf/grf.rf/gntv_or_sync_fifo.gcx.clkx/rd_pntr_cdc_inst/src_gray_ff_reg[3]/C
    SLICE_X13Y34         FDRE (Prop_fdre_C_Q)         0.419     0.419 r  AutoCorrelationFunction_v1_0_S00_AXI_inst/acf/genblk1[3].niblock/tdc_pl/smallFIFO/U0/inst_fifo_gen/gconvfifo.rf/grf.rf/gntv_or_sync_fifo.gcx.clkx/rd_pntr_cdc_inst/src_gray_ff_reg[3]/Q
                         net (fo=1, routed)           0.717     1.136    AutoCorrelationFunction_v1_0_S00_AXI_inst/acf/genblk1[3].niblock/tdc_pl/smallFIFO/U0/inst_fifo_gen/gconvfifo.rf/grf.rf/gntv_or_sync_fifo.gcx.clkx/rd_pntr_cdc_inst/async_path[3]
    SLICE_X13Y33         FDRE                                         r  AutoCorrelationFunction_v1_0_S00_AXI_inst/acf/genblk1[3].niblock/tdc_pl/smallFIFO/U0/inst_fifo_gen/gconvfifo.rf/grf.rf/gntv_or_sync_fifo.gcx.clkx/rd_pntr_cdc_inst/dest_graysync_ff_reg[0][3]/D
  -------------------------------------------------------------------    -------------------

                         max delay                 1000.000  1000.000    
    SLICE_X13Y33         FDRE (Setup_fdre_C_D)       -0.265   999.735    AutoCorrelationFunction_v1_0_S00_AXI_inst/acf/genblk1[3].niblock/tdc_pl/smallFIFO/U0/inst_fifo_gen/gconvfifo.rf/grf.rf/gntv_or_sync_fifo.gcx.clkx/rd_pntr_cdc_inst/dest_graysync_ff_reg[0][3]
  -------------------------------------------------------------------
                         required time                        999.735    
                         arrival time                          -1.136    
  -------------------------------------------------------------------
                         slack                                998.599    

Slack (MET) :             998.603ns  (required time - arrival time)
  Source:                 AutoCorrelationFunction_v1_0_S00_AXI_inst/acf/genblk1[15].niblock/tdc_pl/smallFIFO/U0/inst_fifo_gen/gconvfifo.rf/grf.rf/gntv_or_sync_fifo.gcx.clkx/rd_pntr_cdc_inst/src_gray_ff_reg[5]/C
                            (rising edge-triggered cell FDRE)
  Destination:            AutoCorrelationFunction_v1_0_S00_AXI_inst/acf/genblk1[15].niblock/tdc_pl/smallFIFO/U0/inst_fifo_gen/gconvfifo.rf/grf.rf/gntv_or_sync_fifo.gcx.clkx/rd_pntr_cdc_inst/dest_graysync_ff_reg[0][5]/D
  Path Group:             **default**
  Path Type:              Setup (Max at Slow Process Corner)
  Requirement:            1000.000ns  (MaxDelay Path 1000.000ns)
  Data Path Delay:        1.131ns  (logic 0.419ns (37.037%)  route 0.712ns (62.963%))
  Logic Levels:           1  (FDRE=1)
  Timing Exception:       MaxDelay Path 1000.000ns -datapath_only

    Location             Delay type                Incr(ns)  Path(ns)    Netlist Resource(s)
  -------------------------------------------------------------------    -------------------
    SLICE_X11Y5          FDRE                         0.000     0.000 r  AutoCorrelationFunction_v1_0_S00_AXI_inst/acf/genblk1[15].niblock/tdc_pl/smallFIFO/U0/inst_fifo_gen/gconvfifo.rf/grf.rf/gntv_or_sync_fifo.gcx.clkx/rd_pntr_cdc_inst/src_gray_ff_reg[5]/C
    SLICE_X11Y5          FDRE (Prop_fdre_C_Q)         0.419     0.419 r  AutoCorrelationFunction_v1_0_S00_AXI_inst/acf/genblk1[15].niblock/tdc_pl/smallFIFO/U0/inst_fifo_gen/gconvfifo.rf/grf.rf/gntv_or_sync_fifo.gcx.clkx/rd_pntr_cdc_inst/src_gray_ff_reg[5]/Q
                         net (fo=1, routed)           0.712     1.131    AutoCorrelationFunction_v1_0_S00_AXI_inst/acf/genblk1[15].niblock/tdc_pl/smallFIFO/U0/inst_fifo_gen/gconvfifo.rf/grf.rf/gntv_or_sync_fifo.gcx.clkx/rd_pntr_cdc_inst/async_path[5]
    SLICE_X14Y6          FDRE                                         r  AutoCorrelationFunction_v1_0_S00_AXI_inst/acf/genblk1[15].niblock/tdc_pl/smallFIFO/U0/inst_fifo_gen/gconvfifo.rf/grf.rf/gntv_or_sync_fifo.gcx.clkx/rd_pntr_cdc_inst/dest_graysync_ff_reg[0][5]/D
  -------------------------------------------------------------------    -------------------

                         max delay                 1000.000  1000.000    
    SLICE_X14Y6          FDRE (Setup_fdre_C_D)       -0.266   999.734    AutoCorrelationFunction_v1_0_S00_AXI_inst/acf/genblk1[15].niblock/tdc_pl/smallFIFO/U0/inst_fifo_gen/gconvfifo.rf/grf.rf/gntv_or_sync_fifo.gcx.clkx/rd_pntr_cdc_inst/dest_graysync_ff_reg[0][5]
  -------------------------------------------------------------------
                         required time                        999.734    
                         arrival time                          -1.131    
  -------------------------------------------------------------------
                         slack                                998.603    

Slack (MET) :             998.608ns  (required time - arrival time)
  Source:                 AutoCorrelationFunction_v1_0_S00_AXI_inst/acf/genblk1[20].niblock/tdc_pl/smallFIFO/U0/inst_fifo_gen/gconvfifo.rf/grf.rf/gntv_or_sync_fifo.gcx.clkx/wr_pntr_cdc_inst/src_gray_ff_reg[3]/C
                            (rising edge-triggered cell FDRE)
  Destination:            AutoCorrelationFunction_v1_0_S00_AXI_inst/acf/genblk1[20].niblock/tdc_pl/smallFIFO/U0/inst_fifo_gen/gconvfifo.rf/grf.rf/gntv_or_sync_fifo.gcx.clkx/wr_pntr_cdc_inst/dest_graysync_ff_reg[0][3]/D
  Path Group:             **default**
  Path Type:              Setup (Max at Slow Process Corner)
  Requirement:            1000.000ns  (MaxDelay Path 1000.000ns)
  Data Path Delay:        1.125ns  (logic 0.478ns (42.476%)  route 0.647ns (57.524%))
  Logic Levels:           1  (FDRE=1)
  Timing Exception:       MaxDelay Path 1000.000ns -datapath_only

    Location             Delay type                Incr(ns)  Path(ns)    Netlist Resource(s)
  -------------------------------------------------------------------    -------------------
    SLICE_X38Y23         FDRE                         0.000     0.000 r  AutoCorrelationFunction_v1_0_S00_AXI_inst/acf/genblk1[20].niblock/tdc_pl/smallFIFO/U0/inst_fifo_gen/gconvfifo.rf/grf.rf/gntv_or_sync_fifo.gcx.clkx/wr_pntr_cdc_inst/src_gray_ff_reg[3]/C
    SLICE_X38Y23         FDRE (Prop_fdre_C_Q)         0.478     0.478 r  AutoCorrelationFunction_v1_0_S00_AXI_inst/acf/genblk1[20].niblock/tdc_pl/smallFIFO/U0/inst_fifo_gen/gconvfifo.rf/grf.rf/gntv_or_sync_fifo.gcx.clkx/wr_pntr_cdc_inst/src_gray_ff_reg[3]/Q
                         net (fo=1, routed)           0.647     1.125    AutoCorrelationFunction_v1_0_S00_AXI_inst/acf/genblk1[20].niblock/tdc_pl/smallFIFO/U0/inst_fifo_gen/gconvfifo.rf/grf.rf/gntv_or_sync_fifo.gcx.clkx/wr_pntr_cdc_inst/async_path[3]
    SLICE_X37Y26         FDRE                                         r  AutoCorrelationFunction_v1_0_S00_AXI_inst/acf/genblk1[20].niblock/tdc_pl/smallFIFO/U0/inst_fifo_gen/gconvfifo.rf/grf.rf/gntv_or_sync_fifo.gcx.clkx/wr_pntr_cdc_inst/dest_graysync_ff_reg[0][3]/D
  -------------------------------------------------------------------    -------------------

                         max delay                 1000.000  1000.000    
    SLICE_X37Y26         FDRE (Setup_fdre_C_D)       -0.267   999.733    AutoCorrelationFunction_v1_0_S00_AXI_inst/acf/genblk1[20].niblock/tdc_pl/smallFIFO/U0/inst_fifo_gen/gconvfifo.rf/grf.rf/gntv_or_sync_fifo.gcx.clkx/wr_pntr_cdc_inst/dest_graysync_ff_reg[0][3]
  -------------------------------------------------------------------
                         required time                        999.733    
                         arrival time                          -1.125    
  -------------------------------------------------------------------
                         slack                                998.608    

Slack (MET) :             998.620ns  (required time - arrival time)
  Source:                 AutoCorrelationFunction_v1_0_S00_AXI_inst/acf/genblk1[21].niblock/tdc_pl/smallFIFO/U0/inst_fifo_gen/gconvfifo.rf/grf.rf/gntv_or_sync_fifo.gcx.clkx/rd_pntr_cdc_inst/src_gray_ff_reg[3]/C
                            (rising edge-triggered cell FDRE)
  Destination:            AutoCorrelationFunction_v1_0_S00_AXI_inst/acf/genblk1[21].niblock/tdc_pl/smallFIFO/U0/inst_fifo_gen/gconvfifo.rf/grf.rf/gntv_or_sync_fifo.gcx.clkx/rd_pntr_cdc_inst/dest_graysync_ff_reg[0][3]/D
  Path Group:             **default**
  Path Type:              Setup (Max at Slow Process Corner)
  Requirement:            1000.000ns  (MaxDelay Path 1000.000ns)
  Data Path Delay:        1.108ns  (logic 0.478ns (43.140%)  route 0.630ns (56.860%))
  Logic Levels:           1  (FDRE=1)
  Timing Exception:       MaxDelay Path 1000.000ns -datapath_only

    Location             Delay type                Incr(ns)  Path(ns)    Netlist Resource(s)
  -------------------------------------------------------------------    -------------------
    SLICE_X42Y42         FDRE                         0.000     0.000 r  AutoCorrelationFunction_v1_0_S00_AXI_inst/acf/genblk1[21].niblock/tdc_pl/smallFIFO/U0/inst_fifo_gen/gconvfifo.rf/grf.rf/gntv_or_sync_fifo.gcx.clkx/rd_pntr_cdc_inst/src_gray_ff_reg[3]/C
    SLICE_X42Y42         FDRE (Prop_fdre_C_Q)         0.478     0.478 r  AutoCorrelationFunction_v1_0_S00_AXI_inst/acf/genblk1[21].niblock/tdc_pl/smallFIFO/U0/inst_fifo_gen/gconvfifo.rf/grf.rf/gntv_or_sync_fifo.gcx.clkx/rd_pntr_cdc_inst/src_gray_ff_reg[3]/Q
                         net (fo=1, routed)           0.630     1.108    AutoCorrelationFunction_v1_0_S00_AXI_inst/acf/genblk1[21].niblock/tdc_pl/smallFIFO/U0/inst_fifo_gen/gconvfifo.rf/grf.rf/gntv_or_sync_fifo.gcx.clkx/rd_pntr_cdc_inst/async_path[3]
    SLICE_X40Y40         FDRE                                         r  AutoCorrelationFunction_v1_0_S00_AXI_inst/acf/genblk1[21].niblock/tdc_pl/smallFIFO/U0/inst_fifo_gen/gconvfifo.rf/grf.rf/gntv_or_sync_fifo.gcx.clkx/rd_pntr_cdc_inst/dest_graysync_ff_reg[0][3]/D
  -------------------------------------------------------------------    -------------------

                         max delay                 1000.000  1000.000    
    SLICE_X40Y40         FDRE (Setup_fdre_C_D)       -0.272   999.728    AutoCorrelationFunction_v1_0_S00_AXI_inst/acf/genblk1[21].niblock/tdc_pl/smallFIFO/U0/inst_fifo_gen/gconvfifo.rf/grf.rf/gntv_or_sync_fifo.gcx.clkx/rd_pntr_cdc_inst/dest_graysync_ff_reg[0][3]
  -------------------------------------------------------------------
                         required time                        999.728    
                         arrival time                          -1.108    
  -------------------------------------------------------------------
                         slack                                998.620    

Slack (MET) :             998.630ns  (required time - arrival time)
  Source:                 AutoCorrelationFunction_v1_0_S00_AXI_inst/acf/genblk1[5].niblock/tdc_pl/smallFIFO/U0/inst_fifo_gen/gconvfifo.rf/grf.rf/gntv_or_sync_fifo.gcx.clkx/rd_pntr_cdc_inst/src_gray_ff_reg[3]/C
                            (rising edge-triggered cell FDRE)
  Destination:            AutoCorrelationFunction_v1_0_S00_AXI_inst/acf/genblk1[5].niblock/tdc_pl/smallFIFO/U0/inst_fifo_gen/gconvfifo.rf/grf.rf/gntv_or_sync_fifo.gcx.clkx/rd_pntr_cdc_inst/dest_graysync_ff_reg[0][3]/D
  Path Group:             **default**
  Path Type:              Setup (Max at Slow Process Corner)
  Requirement:            1000.000ns  (MaxDelay Path 1000.000ns)
  Data Path Delay:        1.098ns  (logic 0.478ns (43.525%)  route 0.620ns (56.475%))
  Logic Levels:           1  (FDRE=1)
  Timing Exception:       MaxDelay Path 1000.000ns -datapath_only

    Location             Delay type                Incr(ns)  Path(ns)    Netlist Resource(s)
  -------------------------------------------------------------------    -------------------
    SLICE_X42Y1          FDRE                         0.000     0.000 r  AutoCorrelationFunction_v1_0_S00_AXI_inst/acf/genblk1[5].niblock/tdc_pl/smallFIFO/U0/inst_fifo_gen/gconvfifo.rf/grf.rf/gntv_or_sync_fifo.gcx.clkx/rd_pntr_cdc_inst/src_gray_ff_reg[3]/C
    SLICE_X42Y1          FDRE (Prop_fdre_C_Q)         0.478     0.478 r  AutoCorrelationFunction_v1_0_S00_AXI_inst/acf/genblk1[5].niblock/tdc_pl/smallFIFO/U0/inst_fifo_gen/gconvfifo.rf/grf.rf/gntv_or_sync_fifo.gcx.clkx/rd_pntr_cdc_inst/src_gray_ff_reg[3]/Q
                         net (fo=1, routed)           0.620     1.098    AutoCorrelationFunction_v1_0_S00_AXI_inst/acf/genblk1[5].niblock/tdc_pl/smallFIFO/U0/inst_fifo_gen/gconvfifo.rf/grf.rf/gntv_or_sync_fifo.gcx.clkx/rd_pntr_cdc_inst/async_path[3]
    SLICE_X43Y3          FDRE                                         r  AutoCorrelationFunction_v1_0_S00_AXI_inst/acf/genblk1[5].niblock/tdc_pl/smallFIFO/U0/inst_fifo_gen/gconvfifo.rf/grf.rf/gntv_or_sync_fifo.gcx.clkx/rd_pntr_cdc_inst/dest_graysync_ff_reg[0][3]/D
  -------------------------------------------------------------------    -------------------

                         max delay                 1000.000  1000.000    
    SLICE_X43Y3          FDRE (Setup_fdre_C_D)       -0.272   999.728    AutoCorrelationFunction_v1_0_S00_AXI_inst/acf/genblk1[5].niblock/tdc_pl/smallFIFO/U0/inst_fifo_gen/gconvfifo.rf/grf.rf/gntv_or_sync_fifo.gcx.clkx/rd_pntr_cdc_inst/dest_graysync_ff_reg[0][3]
  -------------------------------------------------------------------
                         required time                        999.728    
                         arrival time                          -1.098    
  -------------------------------------------------------------------
                         slack                                998.630    

Slack (MET) :             998.632ns  (required time - arrival time)
  Source:                 AutoCorrelationFunction_v1_0_S00_AXI_inst/acf/photonCounter/smallFIFO/U0/inst_fifo_gen/gconvfifo.rf/grf.rf/gntv_or_sync_fifo.gcx.clkx/rd_pntr_cdc_inst/src_gray_ff_reg[3]/C
                            (rising edge-triggered cell FDRE)
  Destination:            AutoCorrelationFunction_v1_0_S00_AXI_inst/acf/photonCounter/smallFIFO/U0/inst_fifo_gen/gconvfifo.rf/grf.rf/gntv_or_sync_fifo.gcx.clkx/rd_pntr_cdc_inst/dest_graysync_ff_reg[0][3]/D
  Path Group:             **default**
  Path Type:              Setup (Max at Slow Process Corner)
  Requirement:            1000.000ns  (MaxDelay Path 1000.000ns)
  Data Path Delay:        1.101ns  (logic 0.419ns (38.056%)  route 0.682ns (61.944%))
  Logic Levels:           1  (FDRE=1)
  Timing Exception:       MaxDelay Path 1000.000ns -datapath_only

    Location             Delay type                Incr(ns)  Path(ns)    Netlist Resource(s)
  -------------------------------------------------------------------    -------------------
    SLICE_X35Y18         FDRE                         0.000     0.000 r  AutoCorrelationFunction_v1_0_S00_AXI_inst/acf/photonCounter/smallFIFO/U0/inst_fifo_gen/gconvfifo.rf/grf.rf/gntv_or_sync_fifo.gcx.clkx/rd_pntr_cdc_inst/src_gray_ff_reg[3]/C
    SLICE_X35Y18         FDRE (Prop_fdre_C_Q)         0.419     0.419 r  AutoCorrelationFunction_v1_0_S00_AXI_inst/acf/photonCounter/smallFIFO/U0/inst_fifo_gen/gconvfifo.rf/grf.rf/gntv_or_sync_fifo.gcx.clkx/rd_pntr_cdc_inst/src_gray_ff_reg[3]/Q
                         net (fo=1, routed)           0.682     1.101    AutoCorrelationFunction_v1_0_S00_AXI_inst/acf/photonCounter/smallFIFO/U0/inst_fifo_gen/gconvfifo.rf/grf.rf/gntv_or_sync_fifo.gcx.clkx/rd_pntr_cdc_inst/async_path[3]
    SLICE_X36Y20         FDRE                                         r  AutoCorrelationFunction_v1_0_S00_AXI_inst/acf/photonCounter/smallFIFO/U0/inst_fifo_gen/gconvfifo.rf/grf.rf/gntv_or_sync_fifo.gcx.clkx/rd_pntr_cdc_inst/dest_graysync_ff_reg[0][3]/D
  -------------------------------------------------------------------    -------------------

                         max delay                 1000.000  1000.000    
    SLICE_X36Y20         FDRE (Setup_fdre_C_D)       -0.267   999.733    AutoCorrelationFunction_v1_0_S00_AXI_inst/acf/photonCounter/smallFIFO/U0/inst_fifo_gen/gconvfifo.rf/grf.rf/gntv_or_sync_fifo.gcx.clkx/rd_pntr_cdc_inst/dest_graysync_ff_reg[0][3]
  -------------------------------------------------------------------
                         required time                        999.733    
                         arrival time                          -1.101    
  -------------------------------------------------------------------
                         slack                                998.632    





