Copyright 1986-2019 Xilinx, Inc. All Rights Reserved.
------------------------------------------------------------------------------------------------------------------------------------------------------------------------------
| Tool Version : Vivado v.2019.2 (lin64) Build 2708876 Wed Nov  6 21:39:14 MST 2019
| Date         : Thu Nov 21 11:30:08 2019
| Host         : megatron running 64-bit Ubuntu 18.04.3 LTS
| Command      : report_drc -file AutoCorrelationFunction_v1_0_drc_routed.rpt -pb AutoCorrelationFunction_v1_0_drc_routed.pb -rpx AutoCorrelationFunction_v1_0_drc_routed.rpx
| Design       : AutoCorrelationFunction_v1_0
| Device       : xc7z010clg400-1
| Speed File   : -1
| Design State : Fully Routed
------------------------------------------------------------------------------------------------------------------------------------------------------------------------------

Report DRC

Table of Contents
-----------------
1. REPORT SUMMARY
2. REPORT DETAILS

1. REPORT SUMMARY
-----------------
            Netlist: netlist
          Floorplan: design_1
      Design limits: <entire design considered>
           Ruledeck: default
             Max violations: <unlimited>
             Violations found: 5
+-----------+------------------+-----------------------------------------------------------------+------------+
| Rule      | Severity         | Description                                                     | Violations |
+-----------+------------------+-----------------------------------------------------------------+------------+
| NSTD-1    | Critical Warning | Unspecified I/O Standard                                        | 1          |
| UCIO-1    | Critical Warning | Unconstrained Logical Port                                      | 1          |
| RTSTAT-10 | Warning          | No routable loads                                               | 1          |
| ZPS7-1    | Warning          | PS7 block required                                              | 1          |
| AVAL-5    | Advisory         | enum_USE_MULT_NONE_enum_DREG_ADREG_0_connects_CED_CEAD_RSTD_GND | 1          |
+-----------+------------------+-----------------------------------------------------------------+------------+

2. REPORT DETAILS
-----------------
NSTD-1#1 Critical Warning
Unspecified I/O Standard  
91 out of 91 logical ports use I/O standard (IOSTANDARD) value 'DEFAULT', instead of a user assigned specific value. This may cause I/O contention or incompatibility with the board power or connectivity affecting performance, signal integrity or in extreme cases cause damage to the device or the components to which it is connected. To correct this violation, specify all I/O standards. This design will fail to generate a bitstream unless all logical ports have a user specified I/O standard value defined. To allow bitstream creation with unspecified I/O standard values (not recommended), use this command: set_property SEVERITY {Warning} [get_drc_checks NSTD-1].  NOTE: When using the Vivado Runs infrastructure (e.g. launch_runs Tcl command), add this command to a .tcl file and add that file as a pre-hook for write_bitstream step for the implementation run. Problem ports: diag[3:0], s00_axi_awaddr[2], s00_axi_awaddr[1], s00_axi_awaddr[0], s00_axi_bresp[1:0], s00_axi_rdata[31:0], s00_axi_rresp[1:0], s00_axi_wdata[31:0], s00_axi_wstrb[3:0], CH1, s00_axi_wready, s00_axi_wvalid, s00_axi_arready, s00_axi_awready, s00_axi_awvalid (the first 15 of 21 listed).
Related violations: <none>

UCIO-1#1 Critical Warning
Unconstrained Logical Port  
91 out of 91 logical ports have no user assigned specific location constraint (LOC). This may cause I/O contention or incompatibility with the board power or connectivity affecting performance, signal integrity or in extreme cases cause damage to the device or the components to which it is connected. To correct this violation, specify all pin locations. This design will fail to generate a bitstream unless all logical ports have a user specified site LOC constraint defined.  To allow bitstream creation with unspecified pin locations (not recommended), use this command: set_property SEVERITY {Warning} [get_drc_checks UCIO-1].  NOTE: When using the Vivado Runs infrastructure (e.g. launch_runs Tcl command), add this command to a .tcl file and add that file as a pre-hook for write_bitstream step for the implementation run.  Problem ports: diag[3:0], s00_axi_awaddr[2], s00_axi_awaddr[1], s00_axi_awaddr[0], s00_axi_bresp[1:0], s00_axi_rdata[31:0], s00_axi_rresp[1:0], s00_axi_wdata[31:0], s00_axi_wstrb[3:0], CH1, s00_axi_wready, s00_axi_wvalid, s00_axi_arready, s00_axi_awready, s00_axi_awvalid (the first 15 of 21 listed).
Related violations: <none>

RTSTAT-10#1 Warning
No routable loads  
138 net(s) have no routable loads. The problem bus(es) and/or net(s) are AutoCorrelationFunction_v1_0_S00_AXI_inst/acf/genblk1[11].niblock/tdc_pl/smallFIFO/U0/inst_fifo_gen/gconvfifo.rf/grf.rf/rstblk/rd_rst_reg[2:0], AutoCorrelationFunction_v1_0_S00_AXI_inst/acf/genblk1[14].niblock/tdc_pl/smallFIFO/U0/inst_fifo_gen/gconvfifo.rf/grf.rf/rstblk/rd_rst_reg[2:0], AutoCorrelationFunction_v1_0_S00_AXI_inst/acf/genblk1[8].niblock/tdc_pl/smallFIFO/U0/inst_fifo_gen/gconvfifo.rf/grf.rf/rstblk/rd_rst_reg[2:0], AutoCorrelationFunction_v1_0_S00_AXI_inst/acf/genblk1[7].niblock/tdc_pl/smallFIFO/U0/inst_fifo_gen/gconvfifo.rf/grf.rf/rstblk/rd_rst_reg[2:0], AutoCorrelationFunction_v1_0_S00_AXI_inst/acf/genblk1[13].niblock/tdc_pl/smallFIFO/U0/inst_fifo_gen/gconvfifo.rf/grf.rf/rstblk/rd_rst_reg[2:0], AutoCorrelationFunction_v1_0_S00_AXI_inst/acf/genblk1[15].niblock/tdc_pl/smallFIFO/U0/inst_fifo_gen/gconvfifo.rf/grf.rf/rstblk/rd_rst_reg[2:0], AutoCorrelationFunction_v1_0_S00_AXI_inst/acf/genblk1[6].niblock/tdc_pl/smallFIFO/U0/inst_fifo_gen/gconvfifo.rf/grf.rf/rstblk/rd_rst_reg[2:0], AutoCorrelationFunction_v1_0_S00_AXI_inst/acf/genblk1[16].niblock/tdc_pl/smallFIFO/U0/inst_fifo_gen/gconvfifo.rf/grf.rf/rstblk/rd_rst_reg[2:0], AutoCorrelationFunction_v1_0_S00_AXI_inst/acf/genblk1[12].niblock/tdc_pl/smallFIFO/U0/inst_fifo_gen/gconvfifo.rf/grf.rf/rstblk/rd_rst_reg[2:0], AutoCorrelationFunction_v1_0_S00_AXI_inst/acf/genblk1[9].niblock/tdc_pl/smallFIFO/U0/inst_fifo_gen/gconvfifo.rf/grf.rf/rstblk/rd_rst_reg[2:0], AutoCorrelationFunction_v1_0_S00_AXI_inst/acf/genblk1[17].niblock/tdc_pl/smallFIFO/U0/inst_fifo_gen/gconvfifo.rf/grf.rf/rstblk/rd_rst_reg[2:0], AutoCorrelationFunction_v1_0_S00_AXI_inst/acf/genblk1[5].niblock/tdc_pl/smallFIFO/U0/inst_fifo_gen/gconvfifo.rf/grf.rf/rstblk/rd_rst_reg[2:0], AutoCorrelationFunction_v1_0_S00_AXI_inst/acf/genblk1[10].niblock/tdc_pl/smallFIFO/U0/inst_fifo_gen/gconvfifo.rf/grf.rf/rstblk/rd_rst_reg[2:0], AutoCorrelationFunction_v1_0_S00_AXI_inst/acf/genblk1[18].niblock/tdc_pl/smallFIFO/U0/inst_fifo_gen/gconvfifo.rf/grf.rf/rstblk/rd_rst_reg[2:0], AutoCorrelationFunction_v1_0_S00_AXI_inst/acf/genblk1[0].niblock/tdc_pl/smallFIFO/U0/inst_fifo_gen/gconvfifo.rf/grf.rf/rstblk/rd_rst_reg[2:0] (the first 15 of 46 listed).
Related violations: <none>

ZPS7-1#1 Warning
PS7 block required  
The PS7 cell must be used in this Zynq design in order to enable correct default configuration.
Related violations: <none>

AVAL-5#1 Advisory
enum_USE_MULT_NONE_enum_DREG_ADREG_0_connects_CED_CEAD_RSTD_GND  
AutoCorrelationFunction_v1_0_S00_AXI_inst/acf/mainTimer/U0/i_synth/i_baseip.i_xbip_counter/i_dsp48.i_dsp/i_vx7.i_dsp48e_wrap/i_primitive: DSP48E1 is not using the Multiplier (USE_MULT = NONE). For improved power characteristics, set DREG and ADREG to '1', tie CED, CEAD, and RSTD to logic '0'.
Related violations: <none>


