#-----------------------------------------------------------
# Vivado v2019.2 (64-bit)
# SW Build 2708876 on Wed Nov  6 21:40:23 MST 2019
# IP Build 2700528 on Thu Nov  7 00:09:20 MST 2019
# Start of session at: Mon Dec  2 20:29:28 2019
# Process ID: 7276
# Current directory: C:/Vitis/Vivado/Autocorrelation-Function-AXI
# Command line: vivado.exe -gui_launcher_event rodinguilauncherevent11792 C:\Vitis\Vivado\Autocorrelation-Function-AXI\AutoCorrelationFunction.xpr
# Log file: C:/Vitis/Vivado/Autocorrelation-Function-AXI/vivado.log
# Journal file: C:/Vitis/Vivado/Autocorrelation-Function-AXI\vivado.jou
#-----------------------------------------------------------
start_gui
open_project C:/Vitis/Vivado/Autocorrelation-Function-AXI/AutoCorrelationFunction.xpr
INFO: [Project 1-313] Project file moved from '/home/feliks/Vivado/AutoCorrelationFunction' since last save.
Scanning sources...
Finished scanning sources
WARNING: [filemgmt 56-2] Board Part Repository Path: Could not find the directory 'C:/../opt/Xilinx/Vivado/2018.2/vivado-boards/new/board_files', nor could it be found using path 'C:/opt/Xilinx/Vivado/2018.2/vivado-boards/new/board_files'.
WARNING: [filemgmt 56-2] IP Repository Path: Could not find the directory 'C:/Vitis/Vivado/ip_repo/myip_1.0', nor could it be found using path 'C:/home/feliks/Vivado/ip_repo/myip_1.0'.
WARNING: [filemgmt 56-2] IP Repository Path: Could not find the directory 'C:/Vitis/Vivado/ip_repo', nor could it be found using path 'C:/home/feliks/Vivado/ip_repo'.
INFO: [IP_Flow 19-234] Refreshing IP repositories
INFO: [IP_Flow 19-1700] Loaded user IP repository 'c:/Vitis/Vivado/Autocorrelation-Function-AXI'.
WARNING: [IP_Flow 19-3685] Ignored loading user repository 'c:/Vitis/Vivado/ip_repo/myip_1.0'. The path is contained within another repository.
WARNING: [IP_Flow 19-2248] Failed to load user IP repository 'c:/Vitis/Vivado/ip_repo'; Can't find the specified path.
If this directory should no longer be in your list of user repositories, go to the IP Settings dialog and remove it.
INFO: [IP_Flow 19-2313] Loaded Vivado IP repository 'C:/Vitis/Vivado/2019.2/data/ip'.
open_project: Time (s): cpu = 00:00:26 ; elapsed = 00:00:15 . Memory (MB): peak = 947.211 ; gain = 296.469
update_compile_order -fileset sources_1
exit
INFO: [Common 17-206] Exiting Vivado at Mon Dec  2 20:31:16 2019...
