INFO: [VRFC 10-2263] Analyzing SystemVerilog file "C:/Vitis/Vivado/custom_ip_repo/Autocorrelation-Function-AXI/AutoCorrelationFunction.srcs/sources_1/ip/myHWCorrelator_PL_top_0/src/binMultiplexer_PL.sv" into library xil_defaultlib
INFO: [VRFC 10-311] analyzing module binMultiplexer_PL
INFO: [VRFC 10-2263] Analyzing SystemVerilog file "C:/Vitis/Vivado/custom_ip_repo/Autocorrelation-Function-AXI/AutoCorrelationFunction.srcs/sources_1/ip/myHWCorrelator_PL_top_0/src/edgeDetect.sv" into library xil_defaultlib
INFO: [VRFC 10-311] analyzing module edge_Detect
INFO: [VRFC 10-2263] Analyzing SystemVerilog file "C:/Vitis/Vivado/custom_ip_repo/Autocorrelation-Function-AXI/AutoCorrelationFunction.srcs/sources_1/ip/myHWCorrelator_PL_top_0/src/niBlock_s_PL.sv" into library xil_defaultlib
INFO: [VRFC 10-311] analyzing module niBlock_s_PL
INFO: [VRFC 10-2263] Analyzing SystemVerilog file "C:/Vitis/Vivado/custom_ip_repo/Autocorrelation-Function-AXI/AutoCorrelationFunction.srcs/sources_1/ip/myHWCorrelator_PL_top_0/src/streamtoFIFO.sv" into library xil_defaultlib
INFO: [VRFC 10-311] analyzing module streamToFIFO
INFO: [VRFC 10-2263] Analyzing SystemVerilog file "C:/Vitis/Vivado/custom_ip_repo/Autocorrelation-Function-AXI/AutoCorrelationFunction.srcs/sources_1/ip/myHWCorrelator_PL_top_0/src/tdc_PL.sv" into library xil_defaultlib
INFO: [VRFC 10-311] analyzing module tdc_PL
INFO: [VRFC 10-2263] Analyzing SystemVerilog file "C:/Vitis/Vivado/custom_ip_repo/Autocorrelation-Function-AXI/AutoCorrelationFunction.srcs/sources_1/ip/myHWCorrelator_PL_top_0/src/myHWCorrelator_PL_top.sv" into library xil_defaultlib
INFO: [VRFC 10-311] analyzing module myHWCorrelator_PL_top
INFO: [VRFC 10-2263] Analyzing SystemVerilog file "C:/Vitis/Vivado/custom_ip_repo/Autocorrelation-Function-AXI/AutoCorrelationFunction.srcs/sources_1/ip/myHWCorrelator_PL_top_0/src/myMultAdder.sv" into library xil_defaultlib
INFO: [VRFC 10-311] analyzing module myMultAdder
INFO: [VRFC 10-2263] Analyzing SystemVerilog file "C:/Vitis/Vivado/custom_ip_repo/Autocorrelation-Function-AXI/AutoCorrelationFunction.srcs/sources_1/ip/myHWCorrelator_PL_top_0/src/Z_Block.sv" into library xil_defaultlib
INFO: [VRFC 10-311] analyzing module Z_Block
INFO: [VRFC 10-2263] Analyzing SystemVerilog file "C:/Vitis/Vivado/custom_ip_repo/Autocorrelation-Function-AXI/AutoCorrelationFunction.srcs/sources_1/ip/myHWCorrelator_PL_top_0/src/streamToFIFO_v2.sv" into library xil_defaultlib
INFO: [VRFC 10-311] analyzing module streamToFIFO_v2
INFO: [VRFC 10-2263] Analyzing SystemVerilog file "C:/Vitis/Vivado/custom_ip_repo/Autocorrelation-Function-AXI/AutoCorrelationFunction.srcs/sources_1/ip/myHWCorrelator_PL_top_0/sim/myHWCorrelator_PL_top_0.sv" into library xil_defaultlib
INFO: [VRFC 10-311] analyzing module myHWCorrelator_PL_top_0
